<?xml version="1.0" encoding="UTF-8"?>
<coverage generated="1774339524187" clover="3.2.0">
  <project timestamp="1774339524187" name="All files">
    <metrics statements="11557" coveredstatements="8807" conditionals="12043" coveredconditionals="8522" methods="2920" coveredmethods="2006" elements="26520" coveredelements="19335" complexity="0" loc="11557" ncloc="11557" packages="142" files="698" classes="698"/>
    <package name="src">
      <metrics statements="0" coveredstatements="0" conditionals="0" coveredconditionals="0" methods="0" coveredmethods="0"/>
      <file name="server.ts" path="/Users/halilkocoglu/Documents/dev/web/packages/design-system/src/server.ts">
        <metrics statements="0" coveredstatements="0" conditionals="0" coveredconditionals="0" methods="0" coveredmethods="0"/>
      </file>
    </package>
    <package name="src.__tests__">
      <metrics statements="22" coveredstatements="16" conditionals="8" coveredconditionals="5" methods="8" coveredmethods="6"/>
      <file name="a11y-utils.ts" path="/Users/halilkocoglu/Documents/dev/web/packages/design-system/src/__tests__/a11y-utils.ts">
        <metrics statements="7" coveredstatements="2" conditionals="2" coveredconditionals="1" methods="3" coveredmethods="1"/>
        <line num="17" count="274" type="stmt"/>
        <line num="25" count="274" type="cond" truecount="1" falsecount="1"/>
        <line num="26" count="0" type="stmt"/>
        <line num="27" count="0" type="stmt"/>
        <line num="28" count="0" type="stmt"/>
        <line num="30" count="0" type="stmt"/>
        <line num="33" count="0" type="stmt"/>
      </file>
      <file name="dark-mode-utils.ts" path="/Users/halilkocoglu/Documents/dev/web/packages/design-system/src/__tests__/dark-mode-utils.ts">
        <metrics statements="15" coveredstatements="14" conditionals="6" coveredconditionals="4" methods="5" coveredmethods="5"/>
        <line num="9" count="86" type="stmt"/>
        <line num="11" count="86" type="stmt"/>
        <line num="12" count="86" type="stmt"/>
        <line num="13" count="86" type="stmt"/>
        <line num="20" count="86" type="stmt"/>
        <line num="21" count="86" type="stmt"/>
        <line num="25" count="1" type="stmt"/>
        <line num="45" count="86" type="stmt"/>
        <line num="46" count="86" type="cond" truecount="1" falsecount="1"/>
        <line num="48" count="86" type="stmt"/>
        <line num="49" count="1032" type="stmt"/>
        <line num="50" count="1032" type="cond" truecount="2" falsecount="0"/>
        <line num="51" count="3" type="stmt"/>
        <line num="52" count="1" type="cond" truecount="1" falsecount="1"/>
        <line num="53" count="0" type="stmt"/>
      </file>
    </package>
    <package name="src.a11y">
      <metrics statements="259" coveredstatements="234" conditionals="156" coveredconditionals="107" methods="66" coveredmethods="62"/>
      <file name="audit.ts" path="/Users/halilkocoglu/Documents/dev/web/packages/design-system/src/a11y/audit.ts">
        <metrics statements="207" coveredstatements="186" conditionals="131" coveredconditionals="86" methods="56" coveredmethods="52"/>
        <line num="21" count="19" type="stmt"/>
        <line num="22" count="19" type="cond" truecount="1" falsecount="1"/>
        <line num="23" count="19" type="cond" truecount="2" falsecount="2"/>
        <line num="26" count="19" type="stmt"/>
        <line num="30" count="47" type="cond" truecount="1" falsecount="1"/>
        <line num="34" count="10" type="stmt"/>
        <line num="35" count="10" type="stmt"/>
        <line num="36" count="10" type="stmt"/>
        <line num="37" count="10" type="stmt"/>
        <line num="38" count="10" type="cond" truecount="4" falsecount="0"/>
        <line num="43" count="1" type="stmt"/>
        <line num="61" count="1" type="stmt"/>
        <line num="69" count="37" type="stmt"/>
        <line num="70" count="37" type="stmt"/>
        <line num="71" count="37" type="stmt"/>
        <line num="72" count="5" type="cond" truecount="2" falsecount="0"/>
        <line num="73" count="2" type="stmt"/>
        <line num="83" count="37" type="stmt"/>
        <line num="94" count="37" type="stmt"/>
        <line num="95" count="37" type="stmt"/>
        <line num="96" count="37" type="stmt"/>
        <line num="97" count="6" type="cond" truecount="2" falsecount="0"/>
        <line num="98" count="2" type="stmt"/>
        <line num="108" count="37" type="stmt"/>
        <line num="119" count="37" type="stmt"/>
        <line num="120" count="37" type="stmt"/>
        <line num="121" count="37" type="stmt"/>
        <line num="122" count="4" type="cond" truecount="2" falsecount="0"/>
        <line num="123" count="2" type="stmt"/>
        <line num="133" count="37" type="stmt"/>
        <line num="144" count="37" type="stmt"/>
        <line num="145" count="37" type="stmt"/>
        <line num="148" count="37" type="stmt"/>
        <line num="149" count="6" type="cond" truecount="5" falsecount="0"/>
        <line num="153" count="6" type="cond" truecount="2" falsecount="0"/>
        <line num="154" count="4" type="stmt"/>
        <line num="164" count="37" type="stmt"/>
        <line num="175" count="37" type="stmt"/>
        <line num="176" count="37" type="cond" truecount="1" falsecount="1"/>
        <line num="177" count="37" type="cond" truecount="3" falsecount="1"/>
        <line num="178" count="37" type="stmt"/>
        <line num="187" count="37" type="stmt"/>
        <line num="198" count="37" type="stmt"/>
        <line num="199" count="37" type="stmt"/>
        <line num="200" count="37" type="stmt"/>
        <line num="201" count="30" type="stmt"/>
        <line num="202" count="30" type="cond" truecount="4" falsecount="0"/>
        <line num="204" count="25" type="cond" truecount="3" falsecount="1"/>
        <line num="205" count="25" type="stmt"/>
        <line num="206" count="25" type="stmt"/>
        <line num="207" count="25" type="stmt"/>
        <line num="209" count="25" type="cond" truecount="4" falsecount="2"/>
        <line num="210" count="0" type="stmt"/>
        <line num="221" count="37" type="stmt"/>
        <line num="232" count="37" type="stmt"/>
        <line num="233" count="37" type="stmt"/>
        <line num="236" count="37" type="stmt"/>
        <line num="237" count="18" type="stmt"/>
        <line num="238" count="18" type="cond" truecount="2" falsecount="3"/>
        <line num="239" count="0" type="stmt"/>
        <line num="249" count="37" type="stmt"/>
        <line num="260" count="37" type="stmt"/>
        <line num="261" count="37" type="stmt"/>
        <line num="262" count="37" type="stmt"/>
        <line num="263" count="37" type="stmt"/>
        <line num="264" count="7" type="stmt"/>
        <line num="265" count="7" type="cond" truecount="4" falsecount="0"/>
        <line num="266" count="1" type="stmt"/>
        <line num="275" count="7" type="stmt"/>
        <line num="277" count="37" type="stmt"/>
        <line num="288" count="37" type="stmt"/>
        <line num="289" count="37" type="stmt"/>
        <line num="290" count="37" type="stmt"/>
        <line num="291" count="7" type="cond" truecount="4" falsecount="0"/>
        <line num="292" count="1" type="stmt"/>
        <line num="302" count="37" type="stmt"/>
        <line num="313" count="37" type="stmt"/>
        <line num="314" count="37" type="stmt"/>
        <line num="315" count="37" type="stmt"/>
        <line num="316" count="3" type="cond" truecount="1" falsecount="1"/>
        <line num="317" count="3" type="cond" truecount="2" falsecount="0"/>
        <line num="318" count="1" type="stmt"/>
        <line num="328" count="37" type="stmt"/>
        <line num="339" count="37" type="stmt"/>
        <line num="341" count="37" type="stmt"/>
        <line num="342" count="37" type="stmt"/>
        <line num="343" count="0" type="cond" truecount="0" falsecount="2"/>
        <line num="344" count="0" type="stmt"/>
        <line num="354" count="37" type="stmt"/>
        <line num="365" count="37" type="stmt"/>
        <line num="366" count="37" type="stmt"/>
        <line num="367" count="37" type="stmt"/>
        <line num="368" count="58" type="stmt"/>
        <line num="369" count="58" type="stmt"/>
        <line num="370" count="53" type="cond" truecount="4" falsecount="0"/>
        <line num="371" count="1" type="stmt"/>
        <line num="382" count="37" type="stmt"/>
        <line num="393" count="37" type="stmt"/>
        <line num="394" count="37" type="stmt"/>
        <line num="395" count="37" type="cond" truecount="3" falsecount="1"/>
        <line num="396" count="0" type="stmt"/>
        <line num="405" count="37" type="stmt"/>
        <line num="416" count="37" type="stmt"/>
        <line num="417" count="37" type="stmt"/>
        <line num="418" count="37" type="stmt"/>
        <line num="419" count="37" type="stmt"/>
        <line num="420" count="6" type="stmt"/>
        <line num="421" count="6" type="cond" truecount="1" falsecount="1"/>
        <line num="422" count="6" type="cond" truecount="2" falsecount="0"/>
        <line num="425" count="37" type="stmt"/>
        <line num="426" count="5" type="cond" truecount="2" falsecount="0"/>
        <line num="427" count="1" type="stmt"/>
        <line num="437" count="37" type="stmt"/>
        <line num="448" count="37" type="stmt"/>
        <line num="449" count="37" type="stmt"/>
        <line num="450" count="37" type="stmt"/>
        <line num="451" count="2" type="stmt"/>
        <line num="460" count="37" type="stmt"/>
        <line num="471" count="37" type="stmt"/>
        <line num="472" count="37" type="cond" truecount="1" falsecount="1"/>
        <line num="473" count="0" type="stmt"/>
        <line num="476" count="0" type="cond" truecount="0" falsecount="2"/>
        <line num="477" count="0" type="stmt"/>
        <line num="487" count="37" type="stmt"/>
        <line num="498" count="37" type="stmt"/>
        <line num="499" count="37" type="stmt"/>
        <line num="500" count="37" type="stmt"/>
        <line num="501" count="17" type="cond" truecount="1" falsecount="1"/>
        <line num="502" count="17" type="stmt"/>
        <line num="503" count="17" type="cond" truecount="2" falsecount="4"/>
        <line num="504" count="0" type="stmt"/>
        <line num="515" count="37" type="stmt"/>
        <line num="526" count="37" type="stmt"/>
        <line num="527" count="37" type="stmt"/>
        <line num="528" count="37" type="stmt"/>
        <line num="529" count="0" type="stmt"/>
        <line num="530" count="0" type="stmt"/>
        <line num="531" count="0" type="cond" truecount="0" falsecount="2"/>
        <line num="533" count="0" type="cond" truecount="0" falsecount="2"/>
        <line num="534" count="0" type="stmt"/>
        <line num="544" count="37" type="stmt"/>
        <line num="555" count="37" type="stmt"/>
        <line num="556" count="37" type="stmt"/>
        <line num="559" count="37" type="stmt"/>
        <line num="560" count="3" type="stmt"/>
        <line num="561" count="3" type="cond" truecount="1" falsecount="1"/>
        <line num="563" count="3" type="cond" truecount="4" falsecount="0"/>
        <line num="564" count="1" type="stmt"/>
        <line num="574" count="37" type="stmt"/>
        <line num="585" count="37" type="stmt"/>
        <line num="586" count="37" type="stmt"/>
        <line num="587" count="37" type="stmt"/>
        <line num="588" count="0" type="stmt"/>
        <line num="589" count="0" type="stmt"/>
        <line num="591" count="0" type="cond" truecount="0" falsecount="5"/>
        <line num="592" count="0" type="stmt"/>
        <line num="602" count="37" type="stmt"/>
        <line num="613" count="37" type="stmt"/>
        <line num="614" count="37" type="stmt"/>
        <line num="615" count="37" type="stmt"/>
        <line num="616" count="2" type="stmt"/>
        <line num="617" count="2" type="cond" truecount="2" falsecount="0"/>
        <line num="618" count="1" type="stmt"/>
        <line num="628" count="37" type="stmt"/>
        <line num="639" count="37" type="stmt"/>
        <line num="640" count="37" type="stmt"/>
        <line num="641" count="37" type="stmt"/>
        <line num="642" count="2" type="cond" truecount="2" falsecount="0"/>
        <line num="644" count="2" type="cond" truecount="2" falsecount="0"/>
        <line num="645" count="1" type="stmt"/>
        <line num="655" count="37" type="stmt"/>
        <line num="662" count="1" type="stmt"/>
        <line num="670" count="37" type="cond" truecount="1" falsecount="1"/>
        <line num="671" count="37" type="stmt"/>
        <line num="672" count="57" type="stmt"/>
        <line num="675" count="37" type="stmt"/>
        <line num="679" count="37" type="cond" truecount="2" falsecount="2"/>
        <line num="680" count="0" type="stmt"/>
        <line num="682" count="37" type="stmt"/>
        <line num="683" count="37" type="cond" truecount="1" falsecount="1"/>
        <line num="684" count="37" type="cond" truecount="2" falsecount="0"/>
        <line num="685" count="37" type="stmt"/>
        <line num="694" count="37" type="stmt"/>
        <line num="696" count="37" type="stmt"/>
        <line num="697" count="814" type="stmt"/>
        <line num="698" count="814" type="stmt"/>
        <line num="701" count="37" type="stmt"/>
        <line num="702" count="57" type="cond" truecount="2" falsecount="0"/>
        <line num="704" count="37" type="stmt"/>
        <line num="705" count="57" type="cond" truecount="2" falsecount="0"/>
        <line num="707" count="57" type="stmt"/>
        <line num="708" count="37" type="stmt"/>
        <line num="710" count="37" type="stmt"/>
        <line num="718" count="37" type="stmt"/>
        <line num="719" count="37" type="stmt"/>
        <line num="730" count="2" type="stmt"/>
        <line num="733" count="2" type="stmt"/>
        <line num="734" count="2" type="stmt"/>
        <line num="735" count="2" type="stmt"/>
        <line num="736" count="0" type="cond" truecount="0" falsecount="4"/>
        <line num="737" count="0" type="cond" truecount="0" falsecount="2"/>
        <line num="742" count="2" type="stmt"/>
        <line num="743" count="2" type="stmt"/>
        <line num="744" count="2" type="stmt"/>
        <line num="746" count="2" type="stmt"/>
        <line num="748" count="2" type="stmt"/>
        <line num="761" count="2" type="stmt"/>
      </file>
      <file name="keyboard.ts" path="/Users/halilkocoglu/Documents/dev/web/packages/design-system/src/a11y/keyboard.ts">
        <metrics statements="29" coveredstatements="25" conditionals="13" coveredconditionals="11" methods="6" coveredmethods="6"/>
        <line num="12" count="1" type="stmt"/>
        <line num="106" count="11" type="stmt"/>
        <line num="107" count="11" type="cond" truecount="2" falsecount="0"/>
        <line num="109" count="34" type="stmt"/>
        <line num="123" count="4" type="stmt"/>
        <line num="124" count="13" type="stmt"/>
        <line num="126" count="13" type="stmt"/>
        <line num="128" count="13" type="stmt"/>
        <line num="129" count="13" type="stmt"/>
        <line num="130" count="13" type="stmt"/>
        <line num="131" count="13" type="stmt"/>
        <line num="132" count="13" type="stmt"/>
        <line num="135" count="13" type="cond" truecount="1" falsecount="1"/>
        <line num="138" count="13" type="stmt"/>
        <line num="148" count="13" type="stmt"/>
        <line num="151" count="13" type="cond" truecount="1" falsecount="1"/>
        <line num="152" count="0" type="stmt"/>
        <line num="153" count="0" type="stmt"/>
        <line num="156" count="13" type="stmt"/>
        <line num="157" count="13" type="cond" truecount="7" falsecount="0"/>
        <line num="161" count="2" type="stmt"/>
        <line num="162" count="2" type="stmt"/>
        <line num="164" count="11" type="stmt"/>
        <line num="165" count="11" type="stmt"/>
        <line num="169" count="0" type="stmt"/>
        <line num="170" count="0" type="stmt"/>
        <line num="173" count="13" type="stmt"/>
        <line num="181" count="1" type="stmt"/>
        <line num="188" count="3" type="stmt"/>
      </file>
      <file name="recommendations.ts" path="/Users/halilkocoglu/Documents/dev/web/packages/design-system/src/a11y/recommendations.ts">
        <metrics statements="23" coveredstatements="23" conditionals="12" coveredconditionals="10" methods="4" coveredmethods="4"/>
        <line num="12" count="1" type="stmt"/>
        <line num="61" count="1" type="stmt"/>
        <line num="191" count="5" type="cond" truecount="2" falsecount="0"/>
        <line num="192" count="1" type="stmt"/>
        <line num="195" count="4" type="stmt"/>
        <line num="203" count="4" type="stmt"/>
        <line num="204" count="4" type="cond" truecount="2" falsecount="2"/>
        <line num="207" count="4" type="stmt"/>
        <line num="208" count="4" type="stmt"/>
        <line num="210" count="4" type="stmt"/>
        <line num="211" count="6" type="cond" truecount="2" falsecount="0"/>
        <line num="212" count="5" type="stmt"/>
        <line num="214" count="5" type="stmt"/>
        <line num="215" count="5" type="cond" truecount="2" falsecount="0"/>
        <line num="216" count="4" type="stmt"/>
        <line num="218" count="1" type="stmt"/>
        <line num="222" count="4" type="stmt"/>
        <line num="230" count="6" type="stmt"/>
        <line num="231" count="6" type="stmt"/>
        <line num="233" count="6" type="cond" truecount="2" falsecount="0"/>
        <line num="234" count="5" type="stmt"/>
        <line num="238" count="1" type="stmt"/>
        <line num="254" count="1" type="stmt"/>
      </file>
    </package>
    <package name="src.advanced.data-grid">
      <metrics statements="476" coveredstatements="228" conditionals="516" coveredconditionals="226" methods="128" coveredmethods="45"/>
      <file name="AgGridServer.tsx" path="/Users/halilkocoglu/Documents/dev/web/packages/design-system/src/advanced/data-grid/AgGridServer.tsx">
        <metrics statements="15" coveredstatements="7" conditionals="11" coveredconditionals="6" methods="4" coveredmethods="2"/>
        <line num="86" count="3" type="stmt"/>
        <line num="101" count="19" type="stmt"/>
        <line num="102" count="19" type="cond" truecount="1" falsecount="1"/>
        <line num="104" count="19" type="stmt"/>
        <line num="106" count="0" type="stmt"/>
        <line num="108" count="0" type="stmt"/>
        <line num="109" count="0" type="stmt"/>
        <line num="115" count="0" type="stmt"/>
        <line num="120" count="0" type="stmt"/>
        <line num="126" count="0" type="stmt"/>
        <line num="127" count="0" type="stmt"/>
        <line num="129" count="0" type="stmt"/>
        <line num="134" count="19" type="stmt"/>
        <line num="135" count="19" type="stmt"/>
        <line num="141" count="19" type="stmt"/>
      </file>
      <file name="DatasourceModeAdapter.ts" path="/Users/halilkocoglu/Documents/dev/web/packages/design-system/src/advanced/data-grid/DatasourceModeAdapter.ts">
        <metrics statements="25" coveredstatements="10" conditionals="21" coveredconditionals="5" methods="4" coveredmethods="2"/>
        <line num="58" count="4" type="stmt"/>
        <line num="68" count="22" type="stmt"/>
        <line num="70" count="22" type="stmt"/>
        <line num="71" count="22" type="stmt"/>
        <line num="72" count="22" type="stmt"/>
        <line num="74" count="22" type="stmt"/>
        <line num="76" count="0" type="cond" truecount="0" falsecount="4"/>
        <line num="78" count="0" type="stmt"/>
        <line num="79" count="0" type="cond" truecount="0" falsecount="2"/>
        <line num="81" count="0" type="stmt"/>
        <line num="82" count="0" type="stmt"/>
        <line num="85" count="0" type="stmt"/>
        <line num="86" count="0" type="stmt"/>
        <line num="88" count="0" type="stmt"/>
        <line num="93" count="22" type="stmt"/>
        <line num="94" count="0" type="stmt"/>
        <line num="95" count="0" type="stmt"/>
        <line num="99" count="22" type="stmt"/>
        <line num="100" count="22" type="cond" truecount="1" falsecount="1"/>
        <line num="102" count="0" type="cond" truecount="0" falsecount="5"/>
        <line num="103" count="0" type="stmt"/>
        <line num="104" count="0" type="cond" truecount="0" falsecount="4"/>
        <line num="105" count="0" type="stmt"/>
        <line num="108" count="0" type="stmt"/>
        <line num="111" count="22" type="stmt"/>
      </file>
      <file name="EntityGridTemplate.tsx" path="/Users/halilkocoglu/Documents/dev/web/packages/design-system/src/advanced/data-grid/EntityGridTemplate.tsx">
        <metrics statements="28" coveredstatements="18" conditionals="26" coveredconditionals="22" methods="5" coveredmethods="1"/>
        <line num="295" count="22" type="stmt"/>
        <line num="297" count="22" type="stmt"/>
        <line num="298" count="22" type="cond" truecount="1" falsecount="1"/>
        <line num="301" count="22" type="stmt"/>
        <line num="302" count="22" type="stmt"/>
        <line num="303" count="22" type="stmt"/>
        <line num="304" count="22" type="cond" truecount="2" falsecount="0"/>
        <line num="305" count="22" type="stmt"/>
        <line num="308" count="22" type="stmt"/>
        <line num="316" count="22" type="stmt"/>
        <line num="317" count="22" type="stmt"/>
        <line num="323" count="22" type="stmt"/>
        <line num="325" count="0" type="stmt"/>
        <line num="329" count="0" type="stmt"/>
        <line num="332" count="0" type="cond" truecount="0" falsecount="2"/>
        <line num="333" count="0" type="stmt"/>
        <line num="336" count="0" type="stmt"/>
        <line num="342" count="22" type="stmt"/>
        <line num="345" count="0" type="stmt"/>
        <line num="351" count="22" type="stmt"/>
        <line num="367" count="22" type="stmt"/>
        <line num="428" count="22" type="stmt"/>
        <line num="430" count="0" type="stmt"/>
        <line num="431" count="0" type="stmt"/>
        <line num="436" count="22" type="stmt"/>
        <line num="438" count="0" type="stmt"/>
        <line num="439" count="0" type="stmt"/>
        <line num="444" count="22" type="stmt"/>
      </file>
      <file name="GridShell.tsx" path="/Users/halilkocoglu/Documents/dev/web/packages/design-system/src/advanced/data-grid/GridShell.tsx">
        <metrics statements="24" coveredstatements="17" conditionals="30" coveredconditionals="21" methods="7" coveredmethods="3"/>
        <line num="93" count="8" type="stmt"/>
        <line num="98" count="8" type="stmt"/>
        <line num="143" count="150" type="stmt"/>
        <line num="145" count="150" type="stmt"/>
        <line num="146" count="150" type="cond" truecount="2" falsecount="0"/>
        <line num="148" count="149" type="stmt"/>
        <line num="150" count="149" type="stmt"/>
        <line num="151" count="0" type="stmt"/>
        <line num="154" count="149" type="cond" truecount="2" falsecount="0"/>
        <line num="155" count="150" type="stmt"/>
        <line num="157" count="150" type="stmt"/>
        <line num="158" count="149" type="stmt"/>
        <line num="162" count="150" type="stmt"/>
        <line num="164" count="0" type="stmt"/>
        <line num="165" count="0" type="stmt"/>
        <line num="170" count="150" type="stmt"/>
        <line num="172" count="0" type="cond" truecount="0" falsecount="4"/>
        <line num="173" count="0" type="stmt"/>
        <line num="179" count="150" type="stmt"/>
        <line num="181" count="0" type="cond" truecount="0" falsecount="4"/>
        <line num="182" count="0" type="stmt"/>
        <line num="188" count="150" type="stmt"/>
        <line num="232" count="8" type="stmt"/>
        <line num="237" count="8" type="stmt"/>
      </file>
      <file name="GridToolbar.tsx" path="/Users/halilkocoglu/Documents/dev/web/packages/design-system/src/advanced/data-grid/GridToolbar.tsx">
        <metrics statements="36" coveredstatements="12" conditionals="67" coveredconditionals="39" methods="13" coveredmethods="2"/>
        <line num="78" count="6" type="stmt"/>
        <line num="90" count="6" type="stmt"/>
        <line num="110" count="25" type="stmt"/>
        <line num="111" count="25" type="cond" truecount="1" falsecount="1"/>
        <line num="112" count="25" type="stmt"/>
        <line num="114" count="25" type="stmt"/>
        <line num="116" count="0" type="stmt"/>
        <line num="117" count="0" type="stmt"/>
        <line num="118" count="0" type="stmt"/>
        <line num="120" count="0" type="cond" truecount="0" falsecount="2"/>
        <line num="122" count="0" type="stmt"/>
        <line num="125" count="0" type="cond" truecount="0" falsecount="2"/>
        <line num="126" count="0" type="stmt"/>
        <line num="133" count="25" type="stmt"/>
        <line num="134" count="0" type="cond" truecount="0" falsecount="2"/>
        <line num="135" count="0" type="stmt"/>
        <line num="136" count="0" type="stmt"/>
        <line num="137" count="0" type="stmt"/>
        <line num="138" count="0" type="stmt"/>
        <line num="139" count="0" type="stmt"/>
        <line num="142" count="25" type="stmt"/>
        <line num="144" count="0" type="cond" truecount="0" falsecount="2"/>
        <line num="145" count="0" type="stmt"/>
        <line num="157" count="25" type="stmt"/>
        <line num="159" count="0" type="cond" truecount="0" falsecount="2"/>
        <line num="160" count="0" type="stmt"/>
        <line num="172" count="25" type="cond" truecount="2" falsecount="0"/>
        <line num="174" count="25" type="stmt"/>
        <line num="200" count="0" type="stmt"/>
        <line num="205" count="92" type="stmt"/>
        <line num="223" count="0" type="stmt"/>
        <line num="237" count="0" type="stmt"/>
        <line num="280" count="0" type="stmt"/>
        <line num="287" count="0" type="stmt"/>
        <line num="294" count="0" type="stmt"/>
        <line num="301" count="0" type="stmt"/>
      </file>
      <file name="PaginationSizeChanger.tsx" path="/Users/halilkocoglu/Documents/dev/web/packages/design-system/src/advanced/data-grid/PaginationSizeChanger.tsx">
        <metrics statements="0" coveredstatements="0" conditionals="0" coveredconditionals="0" methods="0" coveredmethods="0"/>
      </file>
      <file name="TablePagination.tsx" path="/Users/halilkocoglu/Documents/dev/web/packages/design-system/src/advanced/data-grid/TablePagination.tsx">
        <metrics statements="98" coveredstatements="56" conditionals="101" coveredconditionals="59" methods="23" coveredmethods="12"/>
        <line num="106" count="7" type="stmt"/>
        <line num="107" count="38" type="cond" truecount="2" falsecount="0"/>
        <line num="108" count="38" type="cond" truecount="3" falsecount="1"/>
        <line num="111" count="7" type="stmt"/>
        <line num="128" count="37" type="stmt"/>
        <line num="143" count="1" type="stmt"/>
        <line num="154" count="1" type="stmt"/>
        <line num="164" count="1" type="stmt"/>
        <line num="175" count="1" type="stmt"/>
        <line num="189" count="7" type="stmt"/>
        <line num="210" count="45" type="stmt"/>
        <line num="211" count="45" type="stmt"/>
        <line num="223" count="45" type="stmt"/>
        <line num="224" count="45" type="stmt"/>
        <line num="225" count="45" type="stmt"/>
        <line num="226" count="35" type="cond" truecount="4" falsecount="1"/>
        <line num="228" count="45" type="stmt"/>
        <line num="229" count="35" type="cond" truecount="2" falsecount="0"/>
        <line num="231" count="45" type="cond" truecount="2" falsecount="0"/>
        <line num="232" count="45" type="stmt"/>
        <line num="236" count="45" type="cond" truecount="2" falsecount="0"/>
        <line num="238" count="45" type="cond" truecount="2" falsecount="0"/>
        <line num="245" count="45" type="stmt"/>
        <line num="247" count="0" type="cond" truecount="0" falsecount="2"/>
        <line num="248" count="0" type="cond" truecount="0" falsecount="2"/>
        <line num="249" count="0" type="stmt"/>
        <line num="251" count="0" type="stmt"/>
        <line num="256" count="45" type="stmt"/>
        <line num="258" count="0" type="stmt"/>
        <line num="259" count="0" type="cond" truecount="0" falsecount="2"/>
        <line num="261" count="0" type="cond" truecount="0" falsecount="2"/>
        <line num="262" count="0" type="stmt"/>
        <line num="264" count="0" type="cond" truecount="0" falsecount="2"/>
        <line num="265" count="0" type="stmt"/>
        <line num="268" count="0" type="stmt"/>
        <line num="269" count="0" type="cond" truecount="0" falsecount="2"/>
        <line num="270" count="0" type="stmt"/>
        <line num="283" count="45" type="stmt"/>
        <line num="289" count="0" type="stmt"/>
        <line num="290" count="0" type="stmt"/>
        <line num="291" count="0" type="stmt"/>
        <line num="292" count="0" type="stmt"/>
        <line num="295" count="45" type="cond" truecount="1" falsecount="1"/>
        <line num="297" count="45" type="cond" truecount="2" falsecount="0"/>
        <line num="299" count="45" type="cond" truecount="2" falsecount="0"/>
        <line num="300" count="42" type="stmt"/>
        <line num="302" count="45" type="cond" truecount="1" falsecount="1"/>
        <line num="303" count="0" type="stmt"/>
        <line num="304" count="45" type="cond" truecount="2" falsecount="0"/>
        <line num="305" count="45" type="cond" truecount="2" falsecount="0"/>
        <line num="306" count="45" type="cond" truecount="2" falsecount="0"/>
        <line num="307" count="45" type="cond" truecount="2" falsecount="0"/>
        <line num="308" count="45" type="cond" truecount="3" falsecount="0"/>
        <line num="310" count="45" type="cond" truecount="2" falsecount="0"/>
        <line num="311" count="3" type="stmt"/>
        <line num="314" count="42" type="stmt"/>
        <line num="425" count="7" type="stmt"/>
        <line num="445" count="7" type="stmt"/>
        <line num="448" count="22" type="cond" truecount="1" falsecount="1"/>
        <line num="449" count="22" type="cond" truecount="1" falsecount="1"/>
        <line num="451" count="22" type="stmt"/>
        <line num="452" count="22" type="stmt"/>
        <line num="453" count="22" type="stmt"/>
        <line num="454" count="22" type="stmt"/>
        <line num="455" count="22" type="stmt"/>
        <line num="461" count="22" type="stmt"/>
        <line num="462" count="22" type="stmt"/>
        <line num="464" count="22" type="stmt"/>
        <line num="466" count="0" type="cond" truecount="0" falsecount="2"/>
        <line num="467" count="0" type="cond" truecount="0" falsecount="2"/>
        <line num="469" count="0" type="stmt"/>
        <line num="472" count="0" type="cond" truecount="0" falsecount="2"/>
        <line num="473" count="0" type="cond" truecount="0" falsecount="2"/>
        <line num="476" count="0" type="cond" truecount="0" falsecount="2"/>
        <line num="477" count="0" type="stmt"/>
        <line num="482" count="0" type="cond" truecount="0" falsecount="2"/>
        <line num="485" count="0" type="stmt"/>
        <line num="495" count="22" type="stmt"/>
        <line num="497" count="0" type="stmt"/>
        <line num="498" count="0" type="stmt"/>
        <line num="499" count="0" type="cond" truecount="0" falsecount="2"/>
        <line num="500" count="0" type="stmt"/>
        <line num="506" count="22" type="stmt"/>
        <line num="508" count="0" type="stmt"/>
        <line num="509" count="0" type="cond" truecount="0" falsecount="2"/>
        <line num="511" count="0" type="stmt"/>
        <line num="516" count="22" type="stmt"/>
        <line num="518" count="0" type="stmt"/>
        <line num="519" count="0" type="stmt"/>
        <line num="520" count="0" type="stmt"/>
        <line num="522" count="0" type="stmt"/>
        <line num="523" count="0" type="cond" truecount="0" falsecount="2"/>
        <line num="525" count="0" type="cond" truecount="0" falsecount="2"/>
        <line num="526" count="0" type="stmt"/>
        <line num="529" count="0" type="stmt"/>
        <line num="536" count="22" type="stmt"/>
        <line num="537" count="22" type="stmt"/>
        <line num="540" count="22" type="stmt"/>
      </file>
      <file name="VariantIntegration.tsx" path="/Users/halilkocoglu/Documents/dev/web/packages/design-system/src/advanced/data-grid/VariantIntegration.tsx">
        <metrics statements="205" coveredstatements="70" conditionals="224" coveredconditionals="52" methods="65" coveredmethods="16"/>
        <line num="151" count="0" type="stmt"/>
        <line num="156" count="0" type="stmt"/>
        <line num="157" count="0" type="stmt"/>
        <line num="168" count="29" type="cond" truecount="3" falsecount="1"/>
        <line num="169" count="29" type="stmt"/>
        <line num="171" count="29" type="cond" truecount="1" falsecount="1"/>
        <line num="172" count="29" type="stmt"/>
        <line num="174" count="29" type="cond" truecount="1" falsecount="1"/>
        <line num="175" count="0" type="stmt"/>
        <line num="177" count="29" type="cond" truecount="1" falsecount="1"/>
        <line num="178" count="29" type="stmt"/>
        <line num="180" count="29" type="cond" truecount="1" falsecount="1"/>
        <line num="181" count="29" type="stmt"/>
        <line num="190" count="0" type="stmt"/>
        <line num="211" count="5" type="stmt"/>
        <line num="224" count="128" type="stmt"/>
        <line num="225" count="128" type="cond" truecount="1" falsecount="1"/>
        <line num="227" count="127" type="stmt"/>
        <line num="228" count="127" type="cond" truecount="2" falsecount="0"/>
        <line num="229" count="128" type="stmt"/>
        <line num="230" count="128" type="stmt"/>
        <line num="231" count="128" type="stmt"/>
        <line num="232" count="128" type="stmt"/>
        <line num="235" count="128" type="stmt"/>
        <line num="236" count="128" type="stmt"/>
        <line num="237" count="128" type="stmt"/>
        <line num="238" count="128" type="stmt"/>
        <line num="240" count="128" type="cond" truecount="2" falsecount="0"/>
        <line num="241" count="128" type="cond" truecount="2" falsecount="0"/>
        <line num="244" count="128" type="stmt"/>
        <line num="247" count="128" type="stmt"/>
        <line num="248" count="64" type="stmt"/>
        <line num="251" count="128" type="stmt"/>
        <line num="252" count="64" type="stmt"/>
        <line num="257" count="128" type="stmt"/>
        <line num="258" count="34" type="stmt"/>
        <line num="259" count="34" type="stmt"/>
        <line num="260" count="34" type="stmt"/>
        <line num="261" count="33" type="cond" truecount="1" falsecount="1"/>
        <line num="262" count="33" type="stmt"/>
        <line num="267" count="34" type="stmt"/>
        <line num="271" count="128" type="stmt"/>
        <line num="272" count="34" type="stmt"/>
        <line num="276" count="128" type="stmt"/>
        <line num="277" count="64" type="cond" truecount="5" falsecount="0"/>
        <line num="280" count="56" type="stmt"/>
        <line num="281" count="56" type="stmt"/>
        <line num="282" count="29" type="stmt"/>
        <line num="283" count="29" type="stmt"/>
        <line num="285" count="29" type="cond" truecount="3" falsecount="1"/>
        <line num="286" count="64" type="cond" truecount="2" falsecount="0"/>
        <line num="287" count="29" type="stmt"/>
        <line num="288" count="29" type="stmt"/>
        <line num="289" count="29" type="stmt"/>
        <line num="290" count="29" type="stmt"/>
        <line num="295" count="128" type="stmt"/>
        <line num="296" count="128" type="stmt"/>
        <line num="298" count="128" type="stmt"/>
        <line num="299" count="34" type="cond" truecount="1" falsecount="1"/>
        <line num="300" count="0" type="stmt"/>
        <line num="301" count="0" type="cond" truecount="0" falsecount="2"/>
        <line num="307" count="0" type="stmt"/>
        <line num="310" count="0" type="stmt"/>
        <line num="311" count="0" type="stmt"/>
        <line num="316" count="128" type="stmt"/>
        <line num="318" count="0" type="stmt"/>
        <line num="319" count="0" type="cond" truecount="0" falsecount="4"/>
        <line num="321" count="0" type="stmt"/>
        <line num="322" count="0" type="stmt"/>
        <line num="323" count="0" type="stmt"/>
        <line num="324" count="0" type="stmt"/>
        <line num="326" count="0" type="stmt"/>
        <line num="331" count="128" type="stmt"/>
        <line num="332" count="0" type="stmt"/>
        <line num="333" count="0" type="stmt"/>
        <line num="334" count="0" type="stmt"/>
        <line num="337" count="128" type="stmt"/>
        <line num="339" count="0" type="cond" truecount="0" falsecount="2"/>
        <line num="340" count="0" type="stmt"/>
        <line num="341" count="0" type="stmt"/>
        <line num="342" count="0" type="stmt"/>
        <line num="343" count="0" type="stmt"/>
        <line num="348" count="0" type="stmt"/>
        <line num="352" count="0" type="stmt"/>
        <line num="358" count="128" type="stmt"/>
        <line num="359" count="0" type="cond" truecount="0" falsecount="2"/>
        <line num="360" count="0" type="stmt"/>
        <line num="361" count="0" type="stmt"/>
        <line num="362" count="0" type="cond" truecount="0" falsecount="3"/>
        <line num="363" count="0" type="stmt"/>
        <line num="364" count="0" type="stmt"/>
        <line num="373" count="0" type="cond" truecount="0" falsecount="5"/>
        <line num="374" count="0" type="stmt"/>
        <line num="375" count="0" type="stmt"/>
        <line num="377" count="0" type="stmt"/>
        <line num="378" count="0" type="stmt"/>
        <line num="382" count="0" type="stmt"/>
        <line num="386" count="128" type="stmt"/>
        <line num="388" count="0" type="stmt"/>
        <line num="389" count="0" type="stmt"/>
        <line num="390" count="0" type="stmt"/>
        <line num="391" count="0" type="cond" truecount="0" falsecount="2"/>
        <line num="392" count="0" type="stmt"/>
        <line num="393" count="0" type="stmt"/>
        <line num="394" count="0" type="stmt"/>
        <line num="396" count="0" type="stmt"/>
        <line num="397" count="0" type="stmt"/>
        <line num="401" count="0" type="stmt"/>
        <line num="407" count="128" type="stmt"/>
        <line num="409" count="0" type="stmt"/>
        <line num="410" count="0" type="stmt"/>
        <line num="411" count="0" type="stmt"/>
        <line num="412" count="0" type="stmt"/>
        <line num="416" count="0" type="stmt"/>
        <line num="422" count="128" type="stmt"/>
        <line num="424" count="0" type="stmt"/>
        <line num="425" count="0" type="stmt"/>
        <line num="426" count="0" type="stmt"/>
        <line num="427" count="0" type="stmt"/>
        <line num="431" count="0" type="stmt"/>
        <line num="437" count="128" type="stmt"/>
        <line num="439" count="0" type="stmt"/>
        <line num="440" count="0" type="stmt"/>
        <line num="441" count="0" type="stmt"/>
        <line num="442" count="0" type="stmt"/>
        <line num="446" count="0" type="stmt"/>
        <line num="452" count="128" type="stmt"/>
        <line num="454" count="0" type="stmt"/>
        <line num="455" count="0" type="stmt"/>
        <line num="456" count="0" type="stmt"/>
        <line num="457" count="0" type="stmt"/>
        <line num="461" count="0" type="stmt"/>
        <line num="467" count="128" type="stmt"/>
        <line num="469" count="0" type="stmt"/>
        <line num="470" count="0" type="stmt"/>
        <line num="471" count="0" type="stmt"/>
        <line num="472" count="0" type="stmt"/>
        <line num="476" count="0" type="stmt"/>
        <line num="482" count="128" type="stmt"/>
        <line num="484" count="0" type="stmt"/>
        <line num="485" count="0" type="cond" truecount="0" falsecount="2"/>
        <line num="486" count="0" type="stmt"/>
        <line num="487" count="0" type="stmt"/>
        <line num="489" count="0" type="stmt"/>
        <line num="490" count="0" type="stmt"/>
        <line num="491" count="0" type="stmt"/>
        <line num="492" count="0" type="stmt"/>
        <line num="496" count="0" type="stmt"/>
        <line num="497" count="0" type="stmt"/>
        <line num="505" count="128" type="stmt"/>
        <line num="506" count="0" type="stmt"/>
        <line num="508" count="0" type="cond" truecount="0" falsecount="2"/>
        <line num="509" count="0" type="stmt"/>
        <line num="515" count="0" type="cond" truecount="0" falsecount="2"/>
        <line num="516" count="0" type="stmt"/>
        <line num="522" count="0" type="cond" truecount="0" falsecount="4"/>
        <line num="523" count="0" type="stmt"/>
        <line num="529" count="0" type="cond" truecount="0" falsecount="2"/>
        <line num="530" count="0" type="stmt"/>
        <line num="537" count="0" type="cond" truecount="0" falsecount="2"/>
        <line num="542" count="128" type="stmt"/>
        <line num="543" count="0" type="stmt"/>
        <line num="544" count="0" type="stmt"/>
        <line num="545" count="0" type="stmt"/>
        <line num="546" count="0" type="stmt"/>
        <line num="547" count="0" type="cond" truecount="0" falsecount="2"/>
        <line num="548" count="0" type="stmt"/>
        <line num="550" count="0" type="stmt"/>
        <line num="566" count="0" type="stmt"/>
        <line num="573" count="0" type="stmt"/>
        <line num="575" count="0" type="cond" truecount="0" falsecount="2"/>
        <line num="576" count="0" type="cond" truecount="0" falsecount="2"/>
        <line num="577" count="0" type="stmt"/>
        <line num="579" count="0" type="stmt"/>
        <line num="580" count="0" type="stmt"/>
        <line num="613" count="0" type="stmt"/>
        <line num="621" count="0" type="stmt"/>
        <line num="632" count="0" type="stmt"/>
        <line num="643" count="0" type="stmt"/>
        <line num="651" count="0" type="stmt"/>
        <line num="663" count="0" type="stmt"/>
        <line num="672" count="0" type="stmt"/>
        <line num="673" count="0" type="stmt"/>
        <line num="680" count="0" type="stmt"/>
        <line num="694" count="0" type="stmt"/>
        <line num="704" count="0" type="stmt"/>
        <line num="712" count="0" type="stmt"/>
        <line num="723" count="0" type="stmt"/>
        <line num="735" count="0" type="stmt"/>
        <line num="736" count="0" type="stmt"/>
        <line num="747" count="0" type="stmt"/>
        <line num="765" count="128" type="stmt"/>
        <line num="772" count="0" type="stmt"/>
        <line num="773" count="0" type="cond" truecount="0" falsecount="2"/>
        <line num="774" count="0" type="stmt"/>
        <line num="783" count="54" type="stmt"/>
        <line num="793" count="58" type="stmt"/>
        <line num="806" count="0" type="stmt"/>
        <line num="818" count="0" type="stmt"/>
        <line num="840" count="0" type="stmt"/>
        <line num="852" count="0" type="stmt"/>
        <line num="856" count="0" type="cond" truecount="0" falsecount="2"/>
        <line num="882" count="0" type="stmt"/>
        <line num="901" count="0" type="stmt"/>
        <line num="929" count="0" type="stmt"/>
      </file>
      <file name="buildEntityGridQueryParams.ts" path="/Users/halilkocoglu/Documents/dev/web/packages/design-system/src/advanced/data-grid/buildEntityGridQueryParams.ts">
        <metrics statements="30" coveredstatements="23" conditionals="32" coveredconditionals="19" methods="4" coveredmethods="4"/>
        <line num="24" count="2" type="stmt"/>
        <line num="25" count="2" type="cond" truecount="4" falsecount="0"/>
        <line num="26" count="1" type="stmt"/>
        <line num="28" count="1" type="stmt"/>
        <line num="29" count="1" type="cond" truecount="3" falsecount="0"/>
        <line num="30" count="1" type="stmt"/>
        <line num="31" count="1" type="cond" truecount="1" falsecount="1"/>
        <line num="34" count="2" type="stmt"/>
        <line num="37" count="2" type="cond" truecount="1" falsecount="0"/>
        <line num="38" count="2" type="cond" truecount="2" falsecount="2"/>
        <line num="39" count="2" type="cond" truecount="1" falsecount="1"/>
        <line num="40" count="2" type="stmt"/>
        <line num="41" count="2" type="stmt"/>
        <line num="43" count="2" type="stmt"/>
        <line num="48" count="2" type="cond" truecount="1" falsecount="1"/>
        <line num="49" count="2" type="cond" truecount="2" falsecount="0"/>
        <line num="50" count="1" type="stmt"/>
        <line num="53" count="2" type="stmt"/>
        <line num="54" count="2" type="cond" truecount="2" falsecount="0"/>
        <line num="55" count="1" type="stmt"/>
        <line num="58" count="2" type="cond" truecount="1" falsecount="1"/>
        <line num="59" count="0" type="cond" truecount="0" falsecount="2"/>
        <line num="60" count="0" type="stmt"/>
        <line num="63" count="2" type="cond" truecount="1" falsecount="1"/>
        <line num="64" count="0" type="cond" truecount="0" falsecount="2"/>
        <line num="65" count="0" type="stmt"/>
        <line num="66" count="0" type="cond" truecount="0" falsecount="2"/>
        <line num="67" count="0" type="stmt"/>
        <line num="68" count="0" type="stmt"/>
        <line num="75" count="2" type="stmt"/>
      </file>
      <file name="chart-theme-bridge.ts" path="/Users/halilkocoglu/Documents/dev/web/packages/design-system/src/advanced/data-grid/chart-theme-bridge.ts">
        <metrics statements="11" coveredstatements="11" conditionals="4" coveredconditionals="3" methods="3" coveredmethods="3"/>
        <line num="38" count="10" type="stmt"/>
        <line num="39" count="216" type="cond" truecount="1" falsecount="1"/>
        <line num="40" count="216" type="stmt"/>
        <line num="41" count="216" type="cond" truecount="2" falsecount="0"/>
        <line num="54" count="10" type="stmt"/>
        <line num="55" count="24" type="stmt"/>
        <line num="56" count="24" type="stmt"/>
        <line num="57" count="24" type="stmt"/>
        <line num="59" count="24" type="stmt"/>
        <line num="93" count="10" type="stmt"/>
        <line num="94" count="24" type="stmt"/>
      </file>
      <file name="grid-theme.css" path="/Users/halilkocoglu/Documents/dev/web/packages/design-system/src/advanced/data-grid/grid-theme.css">
        <metrics statements="0" coveredstatements="0" conditionals="0" coveredconditionals="0" methods="0" coveredmethods="0"/>
      </file>
      <file name="index.ts" path="/Users/halilkocoglu/Documents/dev/web/packages/design-system/src/advanced/data-grid/index.ts">
        <metrics statements="0" coveredstatements="0" conditionals="0" coveredconditionals="0" methods="0" coveredmethods="0"/>
      </file>
      <file name="setup.ts" path="/Users/halilkocoglu/Documents/dev/web/packages/design-system/src/advanced/data-grid/setup.ts">
        <metrics statements="4" coveredstatements="4" conditionals="0" coveredconditionals="0" methods="0" coveredmethods="0"/>
        <line num="1" count="6" type="stmt"/>
        <line num="32" count="6" type="stmt"/>
        <line num="40" count="6" type="stmt"/>
        <line num="75" count="6" type="stmt"/>
      </file>
      <file name="usePaginationState.ts" path="/Users/halilkocoglu/Documents/dev/web/packages/design-system/src/advanced/data-grid/usePaginationState.ts">
        <metrics statements="0" coveredstatements="0" conditionals="0" coveredconditionals="0" methods="0" coveredmethods="0"/>
      </file>
    </package>
    <package name="src.blocks">
      <metrics statements="8" coveredstatements="8" conditionals="3" coveredconditionals="3" methods="8" coveredmethods="8"/>
      <file name="registry.ts" path="/Users/halilkocoglu/Documents/dev/web/packages/design-system/src/blocks/registry.ts">
        <metrics statements="8" coveredstatements="8" conditionals="3" coveredconditionals="3" methods="8" coveredmethods="8"/>
        <line num="3" count="2" type="stmt"/>
        <line num="54" count="2" type="stmt"/>
        <line num="59" count="96" type="stmt"/>
        <line num="64" count="6" type="stmt"/>
        <line num="65" count="6" type="stmt"/>
        <line num="66" count="192" type="cond" truecount="3" falsecount="0"/>
        <line num="68" count="616" type="stmt"/>
        <line num="74" count="92" type="stmt"/>
      </file>
    </package>
    <package name="src.catalog">
      <metrics statements="60" coveredstatements="59" conditionals="41" coveredconditionals="33" methods="21" coveredmethods="21"/>
      <file name="PaginationSizeChanger.tsx" path="/Users/halilkocoglu/Documents/dev/web/packages/design-system/src/catalog/PaginationSizeChanger.tsx">
        <metrics statements="5" coveredstatements="5" conditionals="6" coveredconditionals="6" methods="4" coveredmethods="4"/>
        <line num="22" count="8" type="stmt"/>
        <line num="27" count="146" type="cond" truecount="1" falsecount="0"/>
        <line num="32" count="38" type="stmt"/>
        <line num="34" count="1" type="stmt"/>
        <line num="40" count="148" type="cond" truecount="2" falsecount="0"/>
      </file>
      <file name="usePaginationState.ts" path="/Users/halilkocoglu/Documents/dev/web/packages/design-system/src/catalog/usePaginationState.ts">
        <metrics statements="55" coveredstatements="54" conditionals="35" coveredconditionals="27" methods="17" coveredmethods="17"/>
        <line num="34" count="7" type="stmt"/>
        <line num="35" count="152" type="cond" truecount="1" falsecount="1"/>
        <line num="36" count="152" type="cond" truecount="3" falsecount="1"/>
        <line num="39" count="7" type="stmt"/>
        <line num="40" count="200" type="stmt"/>
        <line num="41" count="200" type="cond" truecount="2" falsecount="0"/>
        <line num="42" count="200" type="stmt"/>
        <line num="45" count="7" type="stmt"/>
        <line num="46" count="75" type="stmt"/>
        <line num="48" count="7" type="stmt"/>
        <line num="53" count="40" type="cond" truecount="2" falsecount="0"/>
        <line num="54" count="2" type="stmt"/>
        <line num="57" count="38" type="stmt"/>
        <line num="58" count="38" type="stmt"/>
        <line num="59" count="38" type="stmt"/>
        <line num="60" count="38" type="stmt"/>
        <line num="61" count="38" type="stmt"/>
        <line num="63" count="38" type="stmt"/>
        <line num="66" count="7" type="stmt"/>
        <line num="76" count="45" type="stmt"/>
        <line num="77" count="45" type="stmt"/>
        <line num="79" count="45" type="stmt"/>
        <line num="80" count="35" type="cond" truecount="2" falsecount="0"/>
        <line num="82" count="45" type="cond" truecount="2" falsecount="0"/>
        <line num="85" count="45" type="stmt"/>
        <line num="86" count="36" type="stmt"/>
        <line num="90" count="45" type="stmt"/>
        <line num="91" count="35" type="cond" truecount="2" falsecount="0"/>
        <line num="94" count="45" type="stmt"/>
        <line num="95" count="36" type="cond" truecount="2" falsecount="0"/>
        <line num="96" count="33" type="stmt"/>
        <line num="100" count="45" type="stmt"/>
        <line num="105" count="45" type="stmt"/>
        <line num="107" count="4" type="stmt"/>
        <line num="108" count="4" type="cond" truecount="1" falsecount="1"/>
        <line num="109" count="4" type="stmt"/>
        <line num="111" count="4" type="stmt"/>
        <line num="116" count="45" type="stmt"/>
        <line num="118" count="1" type="stmt"/>
        <line num="119" count="1" type="stmt"/>
        <line num="120" count="1" type="cond" truecount="1" falsecount="1"/>
        <line num="124" count="1" type="cond" truecount="1" falsecount="1"/>
        <line num="125" count="1" type="stmt"/>
        <line num="127" count="1" type="cond" truecount="1" falsecount="1"/>
        <line num="128" count="1" type="stmt"/>
        <line num="131" count="1" type="stmt"/>
        <line num="132" count="1" type="cond" truecount="1" falsecount="1"/>
        <line num="133" count="0" type="stmt"/>
        <line num="147" count="45" type="stmt"/>
        <line num="148" count="45" type="stmt"/>
        <line num="149" count="45" type="stmt"/>
        <line num="150" count="45" type="stmt"/>
        <line num="152" count="45" type="stmt"/>
        <line num="153" count="40" type="stmt"/>
        <line num="157" count="45" type="stmt"/>
      </file>
    </package>
    <package name="src.catalog.component-docs">
      <metrics statements="6" coveredstatements="6" conditionals="2" coveredconditionals="1" methods="3" coveredmethods="3"/>
      <file name="index.ts" path="/Users/halilkocoglu/Documents/dev/web/packages/design-system/src/catalog/component-docs/index.ts">
        <metrics statements="6" coveredstatements="6" conditionals="2" coveredconditionals="1" methods="3" coveredmethods="3"/>
        <line num="239" count="1" type="stmt"/>
        <line num="241" count="236" type="stmt"/>
        <line num="242" count="236" type="cond" truecount="1" falsecount="1"/>
        <line num="243" count="1" type="stmt"/>
        <line num="244" count="236" type="stmt"/>
        <line num="246" count="1" type="stmt"/>
      </file>
    </package>
    <package name="src.catalog.component-docs.entries">
      <metrics statements="258" coveredstatements="258" conditionals="46" coveredconditionals="23" methods="0" coveredmethods="0"/>
      <file name="AIActionAuditTimeline.doc.ts" path="/Users/halilkocoglu/Documents/dev/web/packages/design-system/src/catalog/component-docs/entries/AIActionAuditTimeline.doc.ts">
        <metrics statements="1" coveredstatements="1" conditionals="0" coveredconditionals="0" methods="0" coveredmethods="0"/>
        <line num="3" count="1" type="stmt"/>
      </file>
      <file name="AIGuidedAuthoring.doc.ts" path="/Users/halilkocoglu/Documents/dev/web/packages/design-system/src/catalog/component-docs/entries/AIGuidedAuthoring.doc.ts">
        <metrics statements="1" coveredstatements="1" conditionals="0" coveredconditionals="0" methods="0" coveredmethods="0"/>
        <line num="3" count="1" type="stmt"/>
      </file>
      <file name="Accordion.doc.ts" path="/Users/halilkocoglu/Documents/dev/web/packages/design-system/src/catalog/component-docs/entries/Accordion.doc.ts">
        <metrics statements="1" coveredstatements="1" conditionals="0" coveredconditionals="0" methods="0" coveredmethods="0"/>
        <line num="3" count="1" type="stmt"/>
      </file>
      <file name="ActionBar.doc.ts" path="/Users/halilkocoglu/Documents/dev/web/packages/design-system/src/catalog/component-docs/entries/ActionBar.doc.ts">
        <metrics statements="3" coveredstatements="3" conditionals="6" coveredconditionals="3" methods="0" coveredmethods="0"/>
        <line num="4" count="1" type="stmt"/>
        <line num="5" count="1" type="stmt"/>
        <line num="7" count="1" type="stmt"/>
      </file>
      <file name="ActionHeader.doc.ts" path="/Users/halilkocoglu/Documents/dev/web/packages/design-system/src/catalog/component-docs/entries/ActionHeader.doc.ts">
        <metrics statements="3" coveredstatements="3" conditionals="6" coveredconditionals="3" methods="0" coveredmethods="0"/>
        <line num="4" count="1" type="stmt"/>
        <line num="5" count="1" type="stmt"/>
        <line num="7" count="1" type="stmt"/>
      </file>
      <file name="AgGridServer.doc.ts" path="/Users/halilkocoglu/Documents/dev/web/packages/design-system/src/catalog/component-docs/entries/AgGridServer.doc.ts">
        <metrics statements="1" coveredstatements="1" conditionals="0" coveredconditionals="0" methods="0" coveredmethods="0"/>
        <line num="3" count="1" type="stmt"/>
      </file>
      <file name="AgendaView.doc.ts" path="/Users/halilkocoglu/Documents/dev/web/packages/design-system/src/catalog/component-docs/entries/AgendaView.doc.ts">
        <metrics statements="1" coveredstatements="1" conditionals="0" coveredconditionals="0" methods="0" coveredmethods="0"/>
        <line num="3" count="1" type="stmt"/>
      </file>
      <file name="AgingBuckets.doc.ts" path="/Users/halilkocoglu/Documents/dev/web/packages/design-system/src/catalog/component-docs/entries/AgingBuckets.doc.ts">
        <metrics statements="1" coveredstatements="1" conditionals="0" coveredconditionals="0" methods="0" coveredmethods="0"/>
        <line num="3" count="1" type="stmt"/>
      </file>
      <file name="Alert.doc.ts" path="/Users/halilkocoglu/Documents/dev/web/packages/design-system/src/catalog/component-docs/entries/Alert.doc.ts">
        <metrics statements="1" coveredstatements="1" conditionals="0" coveredconditionals="0" methods="0" coveredmethods="0"/>
        <line num="3" count="1" type="stmt"/>
      </file>
      <file name="AnchorToc.doc.ts" path="/Users/halilkocoglu/Documents/dev/web/packages/design-system/src/catalog/component-docs/entries/AnchorToc.doc.ts">
        <metrics statements="1" coveredstatements="1" conditionals="0" coveredconditionals="0" methods="0" coveredmethods="0"/>
        <line num="3" count="1" type="stmt"/>
      </file>
      <file name="AppHeader.doc.ts" path="/Users/halilkocoglu/Documents/dev/web/packages/design-system/src/catalog/component-docs/entries/AppHeader.doc.ts">
        <metrics statements="3" coveredstatements="3" conditionals="6" coveredconditionals="3" methods="0" coveredmethods="0"/>
        <line num="4" count="1" type="stmt"/>
        <line num="5" count="1" type="stmt"/>
        <line num="7" count="1" type="stmt"/>
      </file>
      <file name="ApprovalCheckpoint.doc.ts" path="/Users/halilkocoglu/Documents/dev/web/packages/design-system/src/catalog/component-docs/entries/ApprovalCheckpoint.doc.ts">
        <metrics statements="1" coveredstatements="1" conditionals="0" coveredconditionals="0" methods="0" coveredmethods="0"/>
        <line num="3" count="1" type="stmt"/>
      </file>
      <file name="ApprovalReview.doc.ts" path="/Users/halilkocoglu/Documents/dev/web/packages/design-system/src/catalog/component-docs/entries/ApprovalReview.doc.ts">
        <metrics statements="1" coveredstatements="1" conditionals="0" coveredconditionals="0" methods="0" coveredmethods="0"/>
        <line num="3" count="1" type="stmt"/>
      </file>
      <file name="ApprovalWorkflow.doc.ts" path="/Users/halilkocoglu/Documents/dev/web/packages/design-system/src/catalog/component-docs/entries/ApprovalWorkflow.doc.ts">
        <metrics statements="1" coveredstatements="1" conditionals="0" coveredconditionals="0" methods="0" coveredmethods="0"/>
        <line num="3" count="1" type="stmt"/>
      </file>
      <file name="AutoComplete.doc.ts" path="/Users/halilkocoglu/Documents/dev/web/packages/design-system/src/catalog/component-docs/entries/AutoComplete.doc.ts">
        <metrics statements="1" coveredstatements="1" conditionals="0" coveredconditionals="0" methods="0" coveredmethods="0"/>
        <line num="3" count="1" type="stmt"/>
      </file>
      <file name="Avatar.doc.ts" path="/Users/halilkocoglu/Documents/dev/web/packages/design-system/src/catalog/component-docs/entries/Avatar.doc.ts">
        <metrics statements="1" coveredstatements="1" conditionals="0" coveredconditionals="0" methods="0" coveredmethods="0"/>
        <line num="3" count="1" type="stmt"/>
      </file>
      <file name="AvatarGroup.doc.ts" path="/Users/halilkocoglu/Documents/dev/web/packages/design-system/src/catalog/component-docs/entries/AvatarGroup.doc.ts">
        <metrics statements="1" coveredstatements="1" conditionals="0" coveredconditionals="0" methods="0" coveredmethods="0"/>
        <line num="3" count="1" type="stmt"/>
      </file>
      <file name="Badge.doc.ts" path="/Users/halilkocoglu/Documents/dev/web/packages/design-system/src/catalog/component-docs/entries/Badge.doc.ts">
        <metrics statements="1" coveredstatements="1" conditionals="0" coveredconditionals="0" methods="0" coveredmethods="0"/>
        <line num="3" count="1" type="stmt"/>
      </file>
      <file name="Breadcrumb.doc.ts" path="/Users/halilkocoglu/Documents/dev/web/packages/design-system/src/catalog/component-docs/entries/Breadcrumb.doc.ts">
        <metrics statements="1" coveredstatements="1" conditionals="0" coveredconditionals="0" methods="0" coveredmethods="0"/>
        <line num="3" count="1" type="stmt"/>
      </file>
      <file name="BulletChart.doc.ts" path="/Users/halilkocoglu/Documents/dev/web/packages/design-system/src/catalog/component-docs/entries/BulletChart.doc.ts">
        <metrics statements="1" coveredstatements="1" conditionals="0" coveredconditionals="0" methods="0" coveredmethods="0"/>
        <line num="3" count="1" type="stmt"/>
      </file>
      <file name="Button.doc.ts" path="/Users/halilkocoglu/Documents/dev/web/packages/design-system/src/catalog/component-docs/entries/Button.doc.ts">
        <metrics statements="1" coveredstatements="1" conditionals="0" coveredconditionals="0" methods="0" coveredmethods="0"/>
        <line num="3" count="1" type="stmt"/>
      </file>
      <file name="Calendar.doc.ts" path="/Users/halilkocoglu/Documents/dev/web/packages/design-system/src/catalog/component-docs/entries/Calendar.doc.ts">
        <metrics statements="1" coveredstatements="1" conditionals="0" coveredconditionals="0" methods="0" coveredmethods="0"/>
        <line num="3" count="1" type="stmt"/>
      </file>
      <file name="Card.doc.ts" path="/Users/halilkocoglu/Documents/dev/web/packages/design-system/src/catalog/component-docs/entries/Card.doc.ts">
        <metrics statements="1" coveredstatements="1" conditionals="0" coveredconditionals="0" methods="0" coveredmethods="0"/>
        <line num="3" count="1" type="stmt"/>
      </file>
      <file name="Carousel.doc.ts" path="/Users/halilkocoglu/Documents/dev/web/packages/design-system/src/catalog/component-docs/entries/Carousel.doc.ts">
        <metrics statements="1" coveredstatements="1" conditionals="0" coveredconditionals="0" methods="0" coveredmethods="0"/>
        <line num="3" count="1" type="stmt"/>
      </file>
      <file name="Cascader.doc.ts" path="/Users/halilkocoglu/Documents/dev/web/packages/design-system/src/catalog/component-docs/entries/Cascader.doc.ts">
        <metrics statements="1" coveredstatements="1" conditionals="0" coveredconditionals="0" methods="0" coveredmethods="0"/>
        <line num="3" count="1" type="stmt"/>
      </file>
      <file name="ChartContainer.doc.ts" path="/Users/halilkocoglu/Documents/dev/web/packages/design-system/src/catalog/component-docs/entries/ChartContainer.doc.ts">
        <metrics statements="1" coveredstatements="1" conditionals="0" coveredconditionals="0" methods="0" coveredmethods="0"/>
        <line num="3" count="1" type="stmt"/>
      </file>
      <file name="ChartDashboard.doc.ts" path="/Users/halilkocoglu/Documents/dev/web/packages/design-system/src/catalog/component-docs/entries/ChartDashboard.doc.ts">
        <metrics statements="1" coveredstatements="1" conditionals="0" coveredconditionals="0" methods="0" coveredmethods="0"/>
        <line num="3" count="1" type="stmt"/>
      </file>
      <file name="ChartLegend.doc.ts" path="/Users/halilkocoglu/Documents/dev/web/packages/design-system/src/catalog/component-docs/entries/ChartLegend.doc.ts">
        <metrics statements="1" coveredstatements="1" conditionals="0" coveredconditionals="0" methods="0" coveredmethods="0"/>
        <line num="3" count="1" type="stmt"/>
      </file>
      <file name="Checkbox.doc.ts" path="/Users/halilkocoglu/Documents/dev/web/packages/design-system/src/catalog/component-docs/entries/Checkbox.doc.ts">
        <metrics statements="1" coveredstatements="1" conditionals="0" coveredconditionals="0" methods="0" coveredmethods="0"/>
        <line num="3" count="1" type="stmt"/>
      </file>
      <file name="CitationPanel.doc.ts" path="/Users/halilkocoglu/Documents/dev/web/packages/design-system/src/catalog/component-docs/entries/CitationPanel.doc.ts">
        <metrics statements="1" coveredstatements="1" conditionals="0" coveredconditionals="0" methods="0" coveredmethods="0"/>
        <line num="3" count="1" type="stmt"/>
      </file>
      <file name="ColorPicker.doc.ts" path="/Users/halilkocoglu/Documents/dev/web/packages/design-system/src/catalog/component-docs/entries/ColorPicker.doc.ts">
        <metrics statements="1" coveredstatements="1" conditionals="0" coveredconditionals="0" methods="0" coveredmethods="0"/>
        <line num="3" count="1" type="stmt"/>
      </file>
      <file name="Combobox.doc.ts" path="/Users/halilkocoglu/Documents/dev/web/packages/design-system/src/catalog/component-docs/entries/Combobox.doc.ts">
        <metrics statements="1" coveredstatements="1" conditionals="0" coveredconditionals="0" methods="0" coveredmethods="0"/>
        <line num="3" count="1" type="stmt"/>
      </file>
      <file name="CommandHeader.doc.ts" path="/Users/halilkocoglu/Documents/dev/web/packages/design-system/src/catalog/component-docs/entries/CommandHeader.doc.ts">
        <metrics statements="3" coveredstatements="3" conditionals="6" coveredconditionals="3" methods="0" coveredmethods="0"/>
        <line num="4" count="1" type="stmt"/>
        <line num="5" count="1" type="stmt"/>
        <line num="7" count="1" type="stmt"/>
      </file>
      <file name="CommandPalette.doc.ts" path="/Users/halilkocoglu/Documents/dev/web/packages/design-system/src/catalog/component-docs/entries/CommandPalette.doc.ts">
        <metrics statements="1" coveredstatements="1" conditionals="0" coveredconditionals="0" methods="0" coveredmethods="0"/>
        <line num="3" count="1" type="stmt"/>
      </file>
      <file name="CommandWorkspace.doc.ts" path="/Users/halilkocoglu/Documents/dev/web/packages/design-system/src/catalog/component-docs/entries/CommandWorkspace.doc.ts">
        <metrics statements="3" coveredstatements="3" conditionals="2" coveredconditionals="1" methods="0" coveredmethods="0"/>
        <line num="4" count="1" type="stmt"/>
        <line num="5" count="1" type="stmt"/>
        <line num="7" count="1" type="stmt"/>
      </file>
      <file name="ComparisonTable.doc.ts" path="/Users/halilkocoglu/Documents/dev/web/packages/design-system/src/catalog/component-docs/entries/ComparisonTable.doc.ts">
        <metrics statements="1" coveredstatements="1" conditionals="0" coveredconditionals="0" methods="0" coveredmethods="0"/>
        <line num="3" count="1" type="stmt"/>
      </file>
      <file name="ConfidenceBadge.doc.ts" path="/Users/halilkocoglu/Documents/dev/web/packages/design-system/src/catalog/component-docs/entries/ConfidenceBadge.doc.ts">
        <metrics statements="1" coveredstatements="1" conditionals="0" coveredconditionals="0" methods="0" coveredmethods="0"/>
        <line num="3" count="1" type="stmt"/>
      </file>
      <file name="ContextMenu.doc.ts" path="/Users/halilkocoglu/Documents/dev/web/packages/design-system/src/catalog/component-docs/entries/ContextMenu.doc.ts">
        <metrics statements="1" coveredstatements="1" conditionals="0" coveredconditionals="0" methods="0" coveredmethods="0"/>
        <line num="3" count="1" type="stmt"/>
      </file>
      <file name="CrudTemplate.doc.ts" path="/Users/halilkocoglu/Documents/dev/web/packages/design-system/src/catalog/component-docs/entries/CrudTemplate.doc.ts">
        <metrics statements="3" coveredstatements="3" conditionals="2" coveredconditionals="1" methods="0" coveredmethods="0"/>
        <line num="4" count="1" type="stmt"/>
        <line num="5" count="1" type="stmt"/>
        <line num="7" count="1" type="stmt"/>
      </file>
      <file name="DashboardTemplate.doc.ts" path="/Users/halilkocoglu/Documents/dev/web/packages/design-system/src/catalog/component-docs/entries/DashboardTemplate.doc.ts">
        <metrics statements="3" coveredstatements="3" conditionals="2" coveredconditionals="1" methods="0" coveredmethods="0"/>
        <line num="4" count="1" type="stmt"/>
        <line num="5" count="1" type="stmt"/>
        <line num="7" count="1" type="stmt"/>
      </file>
      <file name="DataExportDialog.doc.ts" path="/Users/halilkocoglu/Documents/dev/web/packages/design-system/src/catalog/component-docs/entries/DataExportDialog.doc.ts">
        <metrics statements="1" coveredstatements="1" conditionals="0" coveredconditionals="0" methods="0" coveredmethods="0"/>
        <line num="3" count="1" type="stmt"/>
      </file>
      <file name="DataGridFilterChips.doc.ts" path="/Users/halilkocoglu/Documents/dev/web/packages/design-system/src/catalog/component-docs/entries/DataGridFilterChips.doc.ts">
        <metrics statements="1" coveredstatements="1" conditionals="0" coveredconditionals="0" methods="0" coveredmethods="0"/>
        <line num="3" count="1" type="stmt"/>
      </file>
      <file name="DataGridSelectionBar.doc.ts" path="/Users/halilkocoglu/Documents/dev/web/packages/design-system/src/catalog/component-docs/entries/DataGridSelectionBar.doc.ts">
        <metrics statements="1" coveredstatements="1" conditionals="0" coveredconditionals="0" methods="0" coveredmethods="0"/>
        <line num="3" count="1" type="stmt"/>
      </file>
      <file name="DatePicker.doc.ts" path="/Users/halilkocoglu/Documents/dev/web/packages/design-system/src/catalog/component-docs/entries/DatePicker.doc.ts">
        <metrics statements="1" coveredstatements="1" conditionals="0" coveredconditionals="0" methods="0" coveredmethods="0"/>
        <line num="3" count="1" type="stmt"/>
      </file>
      <file name="DateRangePicker.doc.ts" path="/Users/halilkocoglu/Documents/dev/web/packages/design-system/src/catalog/component-docs/entries/DateRangePicker.doc.ts">
        <metrics statements="1" coveredstatements="1" conditionals="0" coveredconditionals="0" methods="0" coveredmethods="0"/>
        <line num="3" count="1" type="stmt"/>
      </file>
      <file name="Descriptions.doc.ts" path="/Users/halilkocoglu/Documents/dev/web/packages/design-system/src/catalog/component-docs/entries/Descriptions.doc.ts">
        <metrics statements="1" coveredstatements="1" conditionals="0" coveredconditionals="0" methods="0" coveredmethods="0"/>
        <line num="3" count="1" type="stmt"/>
      </file>
      <file name="DesktopMenubar.doc.ts" path="/Users/halilkocoglu/Documents/dev/web/packages/design-system/src/catalog/component-docs/entries/DesktopMenubar.doc.ts">
        <metrics statements="3" coveredstatements="3" conditionals="6" coveredconditionals="3" methods="0" coveredmethods="0"/>
        <line num="4" count="1" type="stmt"/>
        <line num="5" count="1" type="stmt"/>
        <line num="7" count="1" type="stmt"/>
      </file>
      <file name="DetailDrawer.doc.ts" path="/Users/halilkocoglu/Documents/dev/web/packages/design-system/src/catalog/component-docs/entries/DetailDrawer.doc.ts">
        <metrics statements="1" coveredstatements="1" conditionals="0" coveredconditionals="0" methods="0" coveredmethods="0"/>
        <line num="3" count="1" type="stmt"/>
      </file>
      <file name="DetailSectionTabs.doc.ts" path="/Users/halilkocoglu/Documents/dev/web/packages/design-system/src/catalog/component-docs/entries/DetailSectionTabs.doc.ts">
        <metrics statements="1" coveredstatements="1" conditionals="0" coveredconditionals="0" methods="0" coveredmethods="0"/>
        <line num="3" count="1" type="stmt"/>
      </file>
      <file name="DetailSummary.doc.ts" path="/Users/halilkocoglu/Documents/dev/web/packages/design-system/src/catalog/component-docs/entries/DetailSummary.doc.ts">
        <metrics statements="1" coveredstatements="1" conditionals="0" coveredconditionals="0" methods="0" coveredmethods="0"/>
        <line num="3" count="1" type="stmt"/>
      </file>
      <file name="DetailTemplate.doc.ts" path="/Users/halilkocoglu/Documents/dev/web/packages/design-system/src/catalog/component-docs/entries/DetailTemplate.doc.ts">
        <metrics statements="3" coveredstatements="3" conditionals="2" coveredconditionals="1" methods="0" coveredmethods="0"/>
        <line num="4" count="1" type="stmt"/>
        <line num="5" count="1" type="stmt"/>
        <line num="7" count="1" type="stmt"/>
      </file>
      <file name="Dialog.doc.ts" path="/Users/halilkocoglu/Documents/dev/web/packages/design-system/src/catalog/component-docs/entries/Dialog.doc.ts">
        <metrics statements="1" coveredstatements="1" conditionals="0" coveredconditionals="0" methods="0" coveredmethods="0"/>
        <line num="3" count="1" type="stmt"/>
      </file>
      <file name="Divider.doc.ts" path="/Users/halilkocoglu/Documents/dev/web/packages/design-system/src/catalog/component-docs/entries/Divider.doc.ts">
        <metrics statements="1" coveredstatements="1" conditionals="0" coveredconditionals="0" methods="0" coveredmethods="0"/>
        <line num="3" count="1" type="stmt"/>
      </file>
      <file name="Drawer.doc.ts" path="/Users/halilkocoglu/Documents/dev/web/packages/design-system/src/catalog/component-docs/entries/Drawer.doc.ts">
        <metrics statements="1" coveredstatements="1" conditionals="0" coveredconditionals="0" methods="0" coveredmethods="0"/>
        <line num="3" count="1" type="stmt"/>
      </file>
      <file name="Dropdown.doc.ts" path="/Users/halilkocoglu/Documents/dev/web/packages/design-system/src/catalog/component-docs/entries/Dropdown.doc.ts">
        <metrics statements="1" coveredstatements="1" conditionals="0" coveredconditionals="0" methods="0" coveredmethods="0"/>
        <line num="3" count="1" type="stmt"/>
      </file>
      <file name="EditableGrid.doc.ts" path="/Users/halilkocoglu/Documents/dev/web/packages/design-system/src/catalog/component-docs/entries/EditableGrid.doc.ts">
        <metrics statements="1" coveredstatements="1" conditionals="0" coveredconditionals="0" methods="0" coveredmethods="0"/>
        <line num="3" count="1" type="stmt"/>
      </file>
      <file name="EditorImageUpload.doc.ts" path="/Users/halilkocoglu/Documents/dev/web/packages/design-system/src/catalog/component-docs/entries/EditorImageUpload.doc.ts">
        <metrics statements="1" coveredstatements="1" conditionals="0" coveredconditionals="0" methods="0" coveredmethods="0"/>
        <line num="3" count="1" type="stmt"/>
      </file>
      <file name="EditorLinkDialog.doc.ts" path="/Users/halilkocoglu/Documents/dev/web/packages/design-system/src/catalog/component-docs/entries/EditorLinkDialog.doc.ts">
        <metrics statements="1" coveredstatements="1" conditionals="0" coveredconditionals="0" methods="0" coveredmethods="0"/>
        <line num="3" count="1" type="stmt"/>
      </file>
      <file name="EditorMenuBubble.doc.ts" path="/Users/halilkocoglu/Documents/dev/web/packages/design-system/src/catalog/component-docs/entries/EditorMenuBubble.doc.ts">
        <metrics statements="1" coveredstatements="1" conditionals="0" coveredconditionals="0" methods="0" coveredmethods="0"/>
        <line num="3" count="1" type="stmt"/>
      </file>
      <file name="EditorTableMenu.doc.ts" path="/Users/halilkocoglu/Documents/dev/web/packages/design-system/src/catalog/component-docs/entries/EditorTableMenu.doc.ts">
        <metrics statements="1" coveredstatements="1" conditionals="0" coveredconditionals="0" methods="0" coveredmethods="0"/>
        <line num="3" count="1" type="stmt"/>
      </file>
      <file name="EditorToolbar.doc.ts" path="/Users/halilkocoglu/Documents/dev/web/packages/design-system/src/catalog/component-docs/entries/EditorToolbar.doc.ts">
        <metrics statements="1" coveredstatements="1" conditionals="0" coveredconditionals="0" methods="0" coveredmethods="0"/>
        <line num="3" count="1" type="stmt"/>
      </file>
      <file name="Empty.doc.ts" path="/Users/halilkocoglu/Documents/dev/web/packages/design-system/src/catalog/component-docs/entries/Empty.doc.ts">
        <metrics statements="1" coveredstatements="1" conditionals="0" coveredconditionals="0" methods="0" coveredmethods="0"/>
        <line num="3" count="1" type="stmt"/>
      </file>
      <file name="EmptyErrorLoading.doc.ts" path="/Users/halilkocoglu/Documents/dev/web/packages/design-system/src/catalog/component-docs/entries/EmptyErrorLoading.doc.ts">
        <metrics statements="1" coveredstatements="1" conditionals="0" coveredconditionals="0" methods="0" coveredmethods="0"/>
        <line num="3" count="1" type="stmt"/>
      </file>
      <file name="EmptyState.doc.ts" path="/Users/halilkocoglu/Documents/dev/web/packages/design-system/src/catalog/component-docs/entries/EmptyState.doc.ts">
        <metrics statements="1" coveredstatements="1" conditionals="0" coveredconditionals="0" methods="0" coveredmethods="0"/>
        <line num="3" count="1" type="stmt"/>
      </file>
      <file name="EmptyStateBuilder.doc.ts" path="/Users/halilkocoglu/Documents/dev/web/packages/design-system/src/catalog/component-docs/entries/EmptyStateBuilder.doc.ts">
        <metrics statements="1" coveredstatements="1" conditionals="0" coveredconditionals="0" methods="0" coveredmethods="0"/>
        <line num="3" count="1" type="stmt"/>
      </file>
      <file name="EntityGridTemplate.doc.ts" path="/Users/halilkocoglu/Documents/dev/web/packages/design-system/src/catalog/component-docs/entries/EntityGridTemplate.doc.ts">
        <metrics statements="1" coveredstatements="1" conditionals="0" coveredconditionals="0" methods="0" coveredmethods="0"/>
        <line num="3" count="1" type="stmt"/>
      </file>
      <file name="EntitySummaryBlock.doc.ts" path="/Users/halilkocoglu/Documents/dev/web/packages/design-system/src/catalog/component-docs/entries/EntitySummaryBlock.doc.ts">
        <metrics statements="1" coveredstatements="1" conditionals="0" coveredconditionals="0" methods="0" coveredmethods="0"/>
        <line num="3" count="1" type="stmt"/>
      </file>
      <file name="ErrorBoundary.doc.ts" path="/Users/halilkocoglu/Documents/dev/web/packages/design-system/src/catalog/component-docs/entries/ErrorBoundary.doc.ts">
        <metrics statements="1" coveredstatements="1" conditionals="0" coveredconditionals="0" methods="0" coveredmethods="0"/>
        <line num="3" count="1" type="stmt"/>
      </file>
      <file name="EventForm.doc.ts" path="/Users/halilkocoglu/Documents/dev/web/packages/design-system/src/catalog/component-docs/entries/EventForm.doc.ts">
        <metrics statements="1" coveredstatements="1" conditionals="0" coveredconditionals="0" methods="0" coveredmethods="0"/>
        <line num="3" count="1" type="stmt"/>
      </file>
      <file name="ExecutiveKPIStrip.doc.ts" path="/Users/halilkocoglu/Documents/dev/web/packages/design-system/src/catalog/component-docs/entries/ExecutiveKPIStrip.doc.ts">
        <metrics statements="1" coveredstatements="1" conditionals="0" coveredconditionals="0" methods="0" coveredmethods="0"/>
        <line num="3" count="1" type="stmt"/>
      </file>
      <file name="FieldRegistry.doc.ts" path="/Users/halilkocoglu/Documents/dev/web/packages/design-system/src/catalog/component-docs/entries/FieldRegistry.doc.ts">
        <metrics statements="1" coveredstatements="1" conditionals="0" coveredconditionals="0" methods="0" coveredmethods="0"/>
        <line num="3" count="1" type="stmt"/>
      </file>
[...]
      <file name="Text.tsx" path="/Users/halilkocoglu/Documents/dev/web/packages/design-system/src/primitives/text/Text.tsx">
        <metrics statements="11" coveredstatements="10" conditionals="17" coveredconditionals="16" methods="1" coveredmethods="1"/>
        <line num="73" count="103" type="stmt"/>
        <line num="83" count="103" type="stmt"/>
        <line num="94" count="103" type="stmt"/>
        <line num="101" count="103" type="stmt"/>
        <line num="118" count="103" type="stmt"/>
        <line num="135" count="4498" type="stmt"/>
        <line num="145" count="4498" type="cond" truecount="1" falsecount="1"/>
        <line num="146" count="0" type="stmt"/>
        <line num="153" count="4498" type="stmt"/>
        <line num="154" count="4498" type="stmt"/>
        <line num="166" count="103" type="stmt"/>
      </file>
      <file name="index.ts" path="/Users/halilkocoglu/Documents/dev/web/packages/design-system/src/primitives/text/index.ts">
        <metrics statements="0" coveredstatements="0" conditionals="0" coveredconditionals="0" methods="0" coveredmethods="0"/>
      </file>
    </package>
    <package name="src.primitives.tooltip">
      <metrics statements="44" coveredstatements="33" conditionals="38" coveredconditionals="24" methods="12" coveredmethods="7"/>
      <file name="Tooltip.tsx" path="/Users/halilkocoglu/Documents/dev/web/packages/design-system/src/primitives/tooltip/Tooltip.tsx">
        <metrics statements="44" coveredstatements="33" conditionals="38" coveredconditionals="24" methods="12" coveredmethods="7"/>
        <line num="50" count="11" type="stmt"/>
        <line num="57" count="11" type="stmt"/>
        <line num="65" count="11" type="stmt"/>
        <line num="78" count="161" type="stmt"/>
        <line num="79" count="161" type="stmt"/>
        <line num="80" count="161" type="stmt"/>
        <line num="81" count="161" type="cond" truecount="3" falsecount="0"/>
        <line num="82" count="161" type="stmt"/>
        <line num="83" count="161" type="stmt"/>
        <line num="86" count="161" type="stmt"/>
        <line num="87" count="161" type="cond" truecount="2" falsecount="0"/>
        <line num="88" count="13" type="stmt"/>
        <line num="90" count="161" type="stmt"/>
        <line num="91" count="161" type="cond" truecount="2" falsecount="0"/>
        <line num="92" count="13" type="stmt"/>
        <line num="97" count="161" type="stmt"/>
        <line num="98" count="18" type="cond" truecount="2" falsecount="0"/>
        <line num="99" count="16" type="stmt"/>
        <line num="100" count="16" type="stmt"/>
        <line num="103" count="161" type="stmt"/>
        <line num="104" count="3" type="stmt"/>
        <line num="105" count="3" type="cond" truecount="1" falsecount="1"/>
        <line num="106" count="0" type="stmt"/>
        <line num="108" count="3" type="stmt"/>
        <line num="112" count="161" type="stmt"/>
        <line num="114" count="1" type="cond" truecount="1" falsecount="1"/>
        <line num="115" count="1" type="stmt"/>
        <line num="121" count="161" type="cond" truecount="2" falsecount="0"/>
        <line num="122" count="3" type="stmt"/>
        <line num="125" count="158" type="cond" truecount="2" falsecount="0"/>
        <line num="148" count="161" type="stmt"/>
        <line num="159" count="161" type="cond" truecount="1" falsecount="1"/>
        <line num="160" count="0" type="stmt"/>
        <line num="161" count="0" type="cond" truecount="0" falsecount="2"/>
        <line num="162" count="0" type="stmt"/>
        <line num="163" count="0" type="stmt"/>
        <line num="166" count="0" type="stmt"/>
        <line num="167" count="0" type="stmt"/>
        <line num="172" count="0" type="stmt"/>
        <line num="175" count="0" type="stmt"/>
        <line num="178" count="0" type="stmt"/>
        <line num="181" count="0" type="stmt"/>
        <line num="189" count="158" type="stmt"/>
        <line num="201" count="11" type="stmt"/>
      </file>
      <file name="index.ts" path="/Users/halilkocoglu/Documents/dev/web/packages/design-system/src/primitives/tooltip/index.ts">
        <metrics statements="0" coveredstatements="0" conditionals="0" coveredconditionals="0" methods="0" coveredmethods="0"/>
      </file>
    </package>
    <package name="src.providers">
      <metrics statements="47" coveredstatements="45" conditionals="22" coveredconditionals="17" methods="17" coveredmethods="16"/>
      <file name="DesignSystemProvider.tsx" path="/Users/halilkocoglu/Documents/dev/web/packages/design-system/src/providers/DesignSystemProvider.tsx">
        <metrics statements="1" coveredstatements="1" conditionals="1" coveredconditionals="1" methods="1" coveredmethods="1"/>
        <line num="32" count="8" type="stmt"/>
      </file>
      <file name="DirectionProvider.tsx" path="/Users/halilkocoglu/Documents/dev/web/packages/design-system/src/providers/DirectionProvider.tsx">
        <metrics statements="1" coveredstatements="1" conditionals="0" coveredconditionals="0" methods="1" coveredmethods="1"/>
        <line num="29" count="4" type="stmt"/>
      </file>
      <file name="LocaleProvider.tsx" path="/Users/halilkocoglu/Documents/dev/web/packages/design-system/src/providers/LocaleProvider.tsx">
        <metrics statements="7" coveredstatements="7" conditionals="5" coveredconditionals="5" methods="3" coveredmethods="3"/>
        <line num="14" count="2" type="stmt"/>
        <line num="20" count="6" type="stmt"/>
        <line num="39" count="2" type="stmt"/>
        <line num="47" count="15" type="cond" truecount="4" falsecount="0"/>
        <line num="49" count="15" type="stmt"/>
        <line num="50" count="15" type="stmt"/>
        <line num="54" count="15" type="stmt"/>
      </file>
      <file name="ThemeProvider.tsx" path="/Users/halilkocoglu/Documents/dev/web/packages/design-system/src/providers/ThemeProvider.tsx">
        <metrics statements="38" coveredstatements="36" conditionals="16" coveredconditionals="11" methods="12" coveredmethods="11"/>
        <line num="22" count="1" type="stmt"/>
        <line num="25" count="13" type="cond" truecount="1" falsecount="1"/>
        <line num="26" count="13" type="stmt"/>
        <line num="27" count="13" type="stmt"/>
        <line num="28" count="13" type="cond" truecount="1" falsecount="1"/>
        <line num="30" count="0" type="stmt"/>
        <line num="35" count="2" type="cond" truecount="1" falsecount="1"/>
        <line num="36" count="2" type="stmt"/>
        <line num="37" count="2" type="stmt"/>
        <line num="46" count="15" type="cond" truecount="1" falsecount="1"/>
        <line num="47" count="15" type="cond" truecount="1" falsecount="1"/>
        <line num="49" count="15" type="stmt"/>
        <line num="50" count="165" type="stmt"/>
        <line num="53" count="15" type="cond" truecount="2" falsecount="0"/>
        <line num="54" count="15" type="cond" truecount="2" falsecount="0"/>
        <line num="55" count="15" type="stmt"/>
        <line num="56" count="15" type="stmt"/>
        <line num="57" count="15" type="stmt"/>
        <line num="74" count="1" type="stmt"/>
        <line num="77" count="14" type="stmt"/>
        <line num="78" count="14" type="cond" truecount="2" falsecount="0"/>
        <line num="79" count="9" type="stmt"/>
        <line num="94" count="15" type="stmt"/>
        <line num="100" count="15" type="stmt"/>
        <line num="101" count="2" type="stmt"/>
        <line num="102" count="2" type="stmt"/>
        <line num="103" count="2" type="stmt"/>
        <line num="104" count="2" type="stmt"/>
        <line num="105" count="2" type="stmt"/>
        <line num="109" count="15" type="stmt"/>
        <line num="110" count="1" type="stmt"/>
        <line num="114" count="15" type="stmt"/>
        <line num="115" count="0" type="stmt"/>
        <line num="120" count="15" type="stmt"/>
        <line num="121" count="13" type="stmt"/>
        <line num="124" count="15" type="stmt"/>
        <line num="125" count="15" type="stmt"/>
        <line num="129" count="15" type="stmt"/>
      </file>
    </package>
    <package name="src.telemetry">
      <metrics statements="22" coveredstatements="22" conditionals="15" coveredconditionals="13" methods="6" coveredmethods="6"/>
      <file name="index.ts" path="/Users/halilkocoglu/Documents/dev/web/packages/design-system/src/telemetry/index.ts">
        <metrics statements="22" coveredstatements="22" conditionals="15" coveredconditionals="13" methods="6" coveredmethods="6"/>
        <line num="16" count="1" type="stmt"/>
        <line num="22" count="1" type="stmt"/>
        <line num="23" count="1" type="stmt"/>
        <line num="24" count="1" type="stmt"/>
        <line num="31" count="7" type="stmt"/>
        <line num="32" count="7" type="cond" truecount="3" falsecount="1"/>
        <line num="33" count="7" type="stmt"/>
        <line num="39" count="11" type="cond" truecount="2" falsecount="0"/>
        <line num="40" count="10" type="stmt"/>
        <line num="41" count="10" type="cond" truecount="2" falsecount="0"/>
        <line num="46" count="3" type="cond" truecount="1" falsecount="1"/>
        <line num="47" count="3" type="stmt"/>
        <line num="48" count="3" type="stmt"/>
        <line num="49" count="3" type="stmt"/>
        <line num="54" count="6" type="stmt"/>
        <line num="59" count="10" type="stmt"/>
        <line num="60" count="10" type="stmt"/>
        <line num="61" count="10" type="cond" truecount="2" falsecount="0"/>
        <line num="66" count="1" type="stmt"/>
        <line num="67" count="1" type="stmt"/>
        <line num="68" count="3" type="cond" truecount="2" falsecount="0"/>
        <line num="70" count="1" type="stmt"/>
      </file>
    </package>
    <package name="src.theme.adapters">
      <metrics statements="10" coveredstatements="1" conditionals="7" coveredconditionals="0" methods="5" coveredmethods="0"/>
      <file name="chart-adapter.ts" path="/Users/halilkocoglu/Documents/dev/web/packages/design-system/src/theme/adapters/chart-adapter.ts">
        <metrics statements="1" coveredstatements="0" conditionals="0" coveredconditionals="0" methods="1" coveredmethods="0"/>
        <line num="22" count="0" type="stmt"/>
      </file>
      <file name="grid-adapter.ts" path="/Users/halilkocoglu/Documents/dev/web/packages/design-system/src/theme/adapters/grid-adapter.ts">
        <metrics statements="1" coveredstatements="0" conditionals="0" coveredconditionals="0" methods="1" coveredmethods="0"/>
        <line num="31" count="0" type="stmt"/>
      </file>
      <file name="ui-adapter.ts" path="/Users/halilkocoglu/Documents/dev/web/packages/design-system/src/theme/adapters/ui-adapter.ts">
        <metrics statements="8" coveredstatements="1" conditionals="7" coveredconditionals="0" methods="3" coveredmethods="0"/>
        <line num="10" count="1" type="stmt"/>
        <line num="53" count="0" type="stmt"/>
        <line num="54" count="0" type="stmt"/>
        <line num="57" count="0" type="stmt"/>
        <line num="68" count="0" type="cond" truecount="0" falsecount="2"/>
        <line num="71" count="0" type="cond" truecount="0" falsecount="2"/>
        <line num="73" count="0" type="stmt"/>
        <line num="74" count="0" type="stmt"/>
      </file>
    </package>
    <package name="src.theme.core">
      <metrics statements="48" coveredstatements="44" conditionals="39" coveredconditionals="27" methods="6" coveredmethods="5"/>
      <file name="dark.ts" path="/Users/halilkocoglu/Documents/dev/web/packages/design-system/src/theme/core/dark.ts">
        <metrics statements="1" coveredstatements="1" conditionals="0" coveredconditionals="0" methods="0" coveredmethods="0"/>
        <line num="8" count="1" type="stmt"/>
      </file>
      <file name="light.ts" path="/Users/halilkocoglu/Documents/dev/web/packages/design-system/src/theme/core/light.ts">
        <metrics statements="1" coveredstatements="1" conditionals="0" coveredconditionals="0" methods="0" coveredmethods="0"/>
        <line num="8" count="1" type="stmt"/>
      </file>
      <file name="semantic-theme.ts" path="/Users/halilkocoglu/Documents/dev/web/packages/design-system/src/theme/core/semantic-theme.ts">
        <metrics statements="2" coveredstatements="2" conditionals="0" coveredconditionals="0" methods="0" coveredmethods="0"/>
        <line num="33" count="2" type="stmt"/>
        <line num="48" count="2" type="stmt"/>
      </file>
      <file name="theme-contract.ts" path="/Users/halilkocoglu/Documents/dev/web/packages/design-system/src/theme/core/theme-contract.ts">
        <metrics statements="44" coveredstatements="40" conditionals="39" coveredconditionals="27" methods="6" coveredmethods="5"/>
        <line num="33" count="2" type="stmt"/>
        <line num="42" count="2" type="stmt"/>
        <line num="45" count="45" type="cond" truecount="2" falsecount="0"/>
        <line num="46" count="1" type="stmt"/>
        <line num="49" count="1" type="stmt"/>
        <line num="50" count="1" type="stmt"/>
        <line num="52" count="0" type="stmt"/>
        <line num="54" count="1" type="stmt"/>
        <line num="57" count="2" type="stmt"/>
        <line num="59" count="2" type="stmt"/>
        <line num="60" count="45" type="cond" truecount="2" falsecount="0"/>
        <line num="64" count="2" type="stmt"/>
        <line num="65" count="15" type="stmt"/>
        <line num="67" count="15" type="cond" truecount="3" falsecount="1"/>
        <line num="70" count="15" type="cond" truecount="1" falsecount="1"/>
        <line num="71" count="15" type="stmt"/>
        <line num="73" count="0" type="stmt"/>
        <line num="76" count="2" type="stmt"/>
        <line num="80" count="15" type="stmt"/>
        <line num="81" count="15" type="cond" truecount="1" falsecount="1"/>
        <line num="82" count="15" type="cond" truecount="1" falsecount="1"/>
        <line num="84" count="15" type="stmt"/>
        <line num="85" count="15" type="stmt"/>
        <line num="86" count="30" type="cond" truecount="3" falsecount="1"/>
        <line num="87" count="30" type="cond" truecount="1" falsecount="1"/>
        <line num="88" count="30" type="cond" truecount="1" falsecount="1"/>
        <line num="91" count="30" type="cond" truecount="1" falsecount="1"/>
        <line num="94" count="30" type="cond" truecount="2" falsecount="0"/>
        <line num="100" count="3" type="stmt"/>
        <line num="103" count="15" type="stmt"/>
        <line num="106" count="2" type="stmt"/>
        <line num="111" count="15" type="stmt"/>
        <line num="112" count="15" type="stmt"/>
        <line num="113" count="15" type="cond" truecount="2" falsecount="2"/>
        <line num="114" count="0" type="stmt"/>
        <line num="117" count="15" type="stmt"/>
        <line num="118" count="15" type="stmt"/>
        <line num="120" count="15" type="stmt"/>
        <line num="121" count="15" type="stmt"/>
        <line num="123" count="15" type="cond" truecount="2" falsecount="1"/>
        <line num="124" count="15" type="stmt"/>
        <line num="126" count="15" type="cond" truecount="1" falsecount="1"/>
        <line num="127" count="0" type="stmt"/>
        <line num="130" count="15" type="stmt"/>
      </file>
    </package>
    <package name="src.tokens">
      <metrics statements="17" coveredstatements="17" conditionals="0" coveredconditionals="0" methods="0" coveredmethods="0"/>
      <file name="color.ts" path="/Users/halilkocoglu/Documents/dev/web/packages/design-system/src/tokens/color.ts">
        <metrics statements="2" coveredstatements="2" conditionals="0" coveredconditionals="0" methods="0" coveredmethods="0"/>
        <line num="9" count="4" type="stmt"/>
        <line num="59" count="4" type="stmt"/>
      </file>
      <file name="contrastRatio.ts" path="/Users/halilkocoglu/Documents/dev/web/packages/design-system/src/tokens/contrastRatio.ts">
        <metrics statements="1" coveredstatements="1" conditionals="0" coveredconditionals="0" methods="0" coveredmethods="0"/>
        <line num="9" count="3" type="stmt"/>
      </file>
      <file name="density.ts" path="/Users/halilkocoglu/Documents/dev/web/packages/design-system/src/tokens/density.ts">
        <metrics statements="1" coveredstatements="1" conditionals="0" coveredconditionals="0" methods="0" coveredmethods="0"/>
        <line num="5" count="3" type="stmt"/>
      </file>
      <file name="elevation.ts" path="/Users/halilkocoglu/Documents/dev/web/packages/design-system/src/tokens/elevation.ts">
        <metrics statements="1" coveredstatements="1" conditionals="0" coveredconditionals="0" methods="0" coveredmethods="0"/>
        <line num="5" count="3" type="stmt"/>
      </file>
      <file name="focusRing.ts" path="/Users/halilkocoglu/Documents/dev/web/packages/design-system/src/tokens/focusRing.ts">
        <metrics statements="1" coveredstatements="1" conditionals="0" coveredconditionals="0" methods="0" coveredmethods="0"/>
        <line num="5" count="3" type="stmt"/>
      </file>
      <file name="index.ts" path="/Users/halilkocoglu/Documents/dev/web/packages/design-system/src/tokens/index.ts">
        <metrics statements="0" coveredstatements="0" conditionals="0" coveredconditionals="0" methods="0" coveredmethods="0"/>
      </file>
      <file name="motion.ts" path="/Users/halilkocoglu/Documents/dev/web/packages/design-system/src/tokens/motion.ts">
        <metrics statements="2" coveredstatements="2" conditionals="0" coveredconditionals="0" methods="0" coveredmethods="0"/>
        <line num="5" count="5" type="stmt"/>
        <line num="13" count="5" type="stmt"/>
      </file>
      <file name="opacity.ts" path="/Users/halilkocoglu/Documents/dev/web/packages/design-system/src/tokens/opacity.ts">
        <metrics statements="1" coveredstatements="1" conditionals="0" coveredconditionals="0" methods="0" coveredmethods="0"/>
        <line num="5" count="3" type="stmt"/>
      </file>
      <file name="radius.ts" path="/Users/halilkocoglu/Documents/dev/web/packages/design-system/src/tokens/radius.ts">
        <metrics statements="1" coveredstatements="1" conditionals="0" coveredconditionals="0" methods="0" coveredmethods="0"/>
        <line num="5" count="4" type="stmt"/>
      </file>
      <file name="spacing.ts" path="/Users/halilkocoglu/Documents/dev/web/packages/design-system/src/tokens/spacing.ts">
        <metrics statements="1" coveredstatements="1" conditionals="0" coveredconditionals="0" methods="0" coveredmethods="0"/>
        <line num="6" count="4" type="stmt"/>
      </file>
      <file name="typography.ts" path="/Users/halilkocoglu/Documents/dev/web/packages/design-system/src/tokens/typography.ts">
        <metrics statements="5" coveredstatements="5" conditionals="0" coveredconditionals="0" methods="0" coveredmethods="0"/>
        <line num="5" count="4" type="stmt"/>
        <line num="10" count="4" type="stmt"/>
        <line num="21" count="4" type="stmt"/>
        <line num="28" count="4" type="stmt"/>
        <line num="36" count="4" type="stmt"/>
      </file>
      <file name="zIndex.ts" path="/Users/halilkocoglu/Documents/dev/web/packages/design-system/src/tokens/zIndex.ts">
        <metrics statements="1" coveredstatements="1" conditionals="0" coveredconditionals="0" methods="0" coveredmethods="0"/>
        <line num="5" count="3" type="stmt"/>
      </file>
    </package>
    <package name="src.utils">
      <metrics statements="1" coveredstatements="1" conditionals="0" coveredconditionals="0" methods="1" coveredmethods="1"/>
      <file name="cn.ts" path="/Users/halilkocoglu/Documents/dev/web/packages/design-system/src/utils/cn.ts">
        <metrics statements="1" coveredstatements="1" conditionals="0" coveredconditionals="0" methods="1" coveredmethods="1"/>
        <line num="11" count="64253" type="stmt"/>
      </file>
    </package>
  </project>
</coverage>
